{"/Users/simongattner/Documents/projects/js.node.grunt.config.helper/lib/ExtendConfig.spec.js":{"path":"/Users/simongattner/Documents/projects/js.node.grunt.config.helper/lib/ExtendConfig.spec.js","s":{"1":1,"2":1,"3":1,"4":1,"5":1,"6":1,"7":1,"8":1,"9":1,"10":1,"11":1,"12":1,"13":1,"14":1,"15":1,"16":1,"17":1,"18":1,"19":1,"20":1,"21":1,"22":1,"23":1,"24":1,"25":1,"26":1,"27":1,"28":1,"29":1,"30":1,"31":1,"32":1,"33":1,"34":1,"35":1,"36":1,"37":1,"38":1,"39":1,"40":1,"41":1,"42":1,"43":1,"44":1,"45":1,"46":1,"47":1,"48":1,"49":1,"50":1,"51":1,"52":1,"53":1,"54":1,"55":1,"56":1,"57":1,"58":1,"59":1,"60":1,"61":1,"62":1,"63":1,"64":1,"65":1,"66":1,"67":1,"68":1,"69":1,"70":1,"71":1,"72":1,"73":1,"74":1},"b":{"1":[1,1],"2":[1,1]},"f":{"1":1,"2":1,"3":1,"4":1,"5":1,"6":1,"7":1},"fnMap":{"1":{"name":"(anonymous_1)","line":4,"loc":{"start":{"line":4,"column":56},"end":{"line":4,"column":67}}},"2":{"name":"(anonymous_2)","line":5,"loc":{"start":{"line":5,"column":31},"end":{"line":5,"column":42}}},"3":{"name":"(anonymous_3)","line":34,"loc":{"start":{"line":34,"column":36},"end":{"line":34,"column":47}}},"4":{"name":"(anonymous_4)","line":50,"loc":{"start":{"line":50,"column":36},"end":{"line":50,"column":47}}},"5":{"name":"(anonymous_5)","line":72,"loc":{"start":{"line":72,"column":38},"end":{"line":72,"column":49}}},"6":{"name":"(anonymous_6)","line":99,"loc":{"start":{"line":99,"column":56},"end":{"line":99,"column":67}}},"7":{"name":"(anonymous_7)","line":123,"loc":{"start":{"line":123,"column":58},"end":{"line":123,"column":69}}}},"statementMap":{"1":{"start":{"line":1,"column":0},"end":{"line":1,"column":29}},"2":{"start":{"line":2,"column":0},"end":{"line":2,"column":38}},"3":{"start":{"line":4,"column":0},"end":{"line":152,"column":3}},"4":{"start":{"line":5,"column":2},"end":{"line":32,"column":5}},"5":{"start":{"line":6,"column":4},"end":{"line":6,"column":49}},"6":{"start":{"line":7,"column":4},"end":{"line":7,"column":54}},"7":{"start":{"line":8,"column":4},"end":{"line":8,"column":62}},"8":{"start":{"line":9,"column":4},"end":{"line":13,"column":17}},"9":{"start":{"line":14,"column":4},"end":{"line":31,"column":10}},"10":{"start":{"line":34,"column":2},"end":{"line":48,"column":5}},"11":{"start":{"line":35,"column":4},"end":{"line":35,"column":49}},"12":{"start":{"line":36,"column":4},"end":{"line":36,"column":54}},"13":{"start":{"line":38,"column":4},"end":{"line":38,"column":58}},"14":{"start":{"line":39,"column":4},"end":{"line":39,"column":57}},"15":{"start":{"line":40,"column":4},"end":{"line":40,"column":66}},"16":{"start":{"line":42,"column":4},"end":{"line":42,"column":58}},"17":{"start":{"line":43,"column":4},"end":{"line":43,"column":58}},"18":{"start":{"line":44,"column":4},"end":{"line":47,"column":10}},"19":{"start":{"line":50,"column":2},"end":{"line":70,"column":5}},"20":{"start":{"line":51,"column":4},"end":{"line":51,"column":74}},"21":{"start":{"line":52,"column":4},"end":{"line":52,"column":49}},"22":{"start":{"line":53,"column":4},"end":{"line":53,"column":70}},"23":{"start":{"line":54,"column":4},"end":{"line":54,"column":53}},"24":{"start":{"line":55,"column":4},"end":{"line":55,"column":53}},"25":{"start":{"line":57,"column":4},"end":{"line":57,"column":47}},"26":{"start":{"line":58,"column":4},"end":{"line":58,"column":58}},"27":{"start":{"line":60,"column":4},"end":{"line":60,"column":57}},"28":{"start":{"line":61,"column":4},"end":{"line":61,"column":59}},"29":{"start":{"line":62,"column":4},"end":{"line":62,"column":53}},"30":{"start":{"line":64,"column":4},"end":{"line":64,"column":58}},"31":{"start":{"line":65,"column":4},"end":{"line":65,"column":58}},"32":{"start":{"line":66,"column":4},"end":{"line":69,"column":10}},"33":{"start":{"line":72,"column":2},"end":{"line":97,"column":5}},"34":{"start":{"line":73,"column":4},"end":{"line":73,"column":75}},"35":{"start":{"line":74,"column":4},"end":{"line":74,"column":49}},"36":{"start":{"line":75,"column":4},"end":{"line":75,"column":70}},"37":{"start":{"line":76,"column":4},"end":{"line":79,"column":6}},"38":{"start":{"line":80,"column":4},"end":{"line":80,"column":54}},"39":{"start":{"line":82,"column":4},"end":{"line":82,"column":47}},"40":{"start":{"line":83,"column":4},"end":{"line":83,"column":58}},"41":{"start":{"line":84,"column":4},"end":{"line":84,"column":57}},"42":{"start":{"line":85,"column":4},"end":{"line":88,"column":10}},"43":{"start":{"line":89,"column":4},"end":{"line":89,"column":53}},"44":{"start":{"line":91,"column":4},"end":{"line":91,"column":58}},"45":{"start":{"line":92,"column":4},"end":{"line":92,"column":58}},"46":{"start":{"line":93,"column":4},"end":{"line":96,"column":10}},"47":{"start":{"line":99,"column":2},"end":{"line":121,"column":5}},"48":{"start":{"line":100,"column":4},"end":{"line":100,"column":74}},"49":{"start":{"line":101,"column":4},"end":{"line":101,"column":49}},"50":{"start":{"line":102,"column":4},"end":{"line":102,"column":76}},"51":{"start":{"line":103,"column":4},"end":{"line":103,"column":53}},"52":{"start":{"line":104,"column":4},"end":{"line":106,"column":6}},"53":{"start":{"line":108,"column":4},"end":{"line":108,"column":47}},"54":{"start":{"line":109,"column":4},"end":{"line":109,"column":58}},"55":{"start":{"line":111,"column":4},"end":{"line":111,"column":57}},"56":{"start":{"line":112,"column":4},"end":{"line":112,"column":59}},"57":{"start":{"line":113,"column":4},"end":{"line":113,"column":53}},"58":{"start":{"line":115,"column":4},"end":{"line":115,"column":58}},"59":{"start":{"line":116,"column":4},"end":{"line":116,"column":58}},"60":{"start":{"line":117,"column":4},"end":{"line":120,"column":10}},"61":{"start":{"line":123,"column":2},"end":{"line":151,"column":5}},"62":{"start":{"line":124,"column":4},"end":{"line":124,"column":75}},"63":{"start":{"line":125,"column":4},"end":{"line":125,"column":49}},"64":{"start":{"line":126,"column":4},"end":{"line":126,"column":76}},"65":{"start":{"line":127,"column":4},"end":{"line":130,"column":6}},"66":{"start":{"line":131,"column":4},"end":{"line":134,"column":6}},"67":{"start":{"line":136,"column":4},"end":{"line":136,"column":47}},"68":{"start":{"line":137,"column":4},"end":{"line":137,"column":58}},"69":{"start":{"line":138,"column":4},"end":{"line":138,"column":57}},"70":{"start":{"line":139,"column":4},"end":{"line":142,"column":10}},"71":{"start":{"line":143,"column":4},"end":{"line":143,"column":53}},"72":{"start":{"line":145,"column":4},"end":{"line":145,"column":58}},"73":{"start":{"line":146,"column":4},"end":{"line":146,"column":58}},"74":{"start":{"line":147,"column":4},"end":{"line":150,"column":10}}},"branchMap":{"1":{"line":86,"type":"binary-expr","locations":[{"start":{"line":86,"column":6},"end":{"line":86,"column":55}},{"start":{"line":87,"column":6},"end":{"line":87,"column":55}}]},"2":{"line":140,"type":"binary-expr","locations":[{"start":{"line":140,"column":6},"end":{"line":140,"column":55}},{"start":{"line":141,"column":6},"end":{"line":141,"column":55}}]}}},"/Users/simongattner/Documents/projects/js.node.grunt.config.helper/lib/index.js":{"path":"/Users/simongattner/Documents/projects/js.node.grunt.config.helper/lib/index.js","s":{"1":1},"b":{},"f":{},"fnMap":{},"statementMap":{"1":{"start":{"line":8,"column":0},"end":{"line":8,"column":43}}},"branchMap":{}},"/Users/simongattner/Documents/projects/js.node.grunt.config.helper/lib/ExtendConfig.js":{"path":"/Users/simongattner/Documents/projects/js.node.grunt.config.helper/lib/ExtendConfig.js","s":{"1":1,"2":1,"3":1,"4":6,"5":6,"6":26,"7":26,"8":34,"9":34,"10":34,"11":34,"12":4,"13":10,"14":10,"15":10,"16":10,"17":10,"18":12,"19":12,"20":10,"21":14,"22":14,"23":14,"24":33,"25":33,"26":14},"b":{"1":[6,4],"2":[34,0],"3":[6,6],"4":[6,6],"5":[33,0]},"f":{"1":6,"2":26,"3":10,"4":12,"5":14,"6":14},"fnMap":{"1":{"name":"(anonymous_1)","line":20,"loc":{"start":{"line":20,"column":13},"end":{"line":20,"column":25}}},"2":{"name":"(anonymous_2)","line":29,"loc":{"start":{"line":29,"column":10},"end":{"line":29,"column":13}}},"3":{"name":"(anonymous_3)","line":46,"loc":{"start":{"line":46,"column":10},"end":{"line":46,"column":13}}},"4":{"name":"(anonymous_4)","line":51,"loc":{"start":{"line":51,"column":16},"end":{"line":51,"column":32}}},"5":{"name":"(anonymous_5)","line":69,"loc":{"start":{"line":69,"column":14},"end":{"line":69,"column":43}}},"6":{"name":"(anonymous_6)","line":71,"loc":{"start":{"line":71,"column":20},"end":{"line":71,"column":37}}}},"statementMap":{"1":{"start":{"line":9,"column":0},"end":{"line":9,"column":25}},"2":{"start":{"line":10,"column":0},"end":{"line":10,"column":29}},"3":{"start":{"line":12,"column":0},"end":{"line":80,"column":2}},"4":{"start":{"line":21,"column":4},"end":{"line":21,"column":19}},"5":{"start":{"line":22,"column":4},"end":{"line":22,"column":30}},"6":{"start":{"line":30,"column":4},"end":{"line":38,"column":5}},"7":{"start":{"line":31,"column":6},"end":{"line":35,"column":13}},"8":{"start":{"line":32,"column":8},"end":{"line":32,"column":47}},"9":{"start":{"line":33,"column":8},"end":{"line":33,"column":60}},"10":{"start":{"line":34,"column":8},"end":{"line":34,"column":50}},"11":{"start":{"line":34,"column":26},"end":{"line":34,"column":50}},"12":{"start":{"line":37,"column":6},"end":{"line":37,"column":16}},"13":{"start":{"line":47,"column":4},"end":{"line":47,"column":23}},"14":{"start":{"line":48,"column":4},"end":{"line":48,"column":17}},"15":{"start":{"line":49,"column":4},"end":{"line":49,"column":32}},"16":{"start":{"line":50,"column":4},"end":{"line":50,"column":18}},"17":{"start":{"line":51,"column":4},"end":{"line":58,"column":7}},"18":{"start":{"line":52,"column":6},"end":{"line":52,"column":55}},"19":{"start":{"line":53,"column":6},"end":{"line":57,"column":8}},"20":{"start":{"line":59,"column":4},"end":{"line":59,"column":15}},"21":{"start":{"line":70,"column":4},"end":{"line":70,"column":25}},"22":{"start":{"line":71,"column":4},"end":{"line":77,"column":7}},"23":{"start":{"line":72,"column":6},"end":{"line":76,"column":7}},"24":{"start":{"line":73,"column":8},"end":{"line":75,"column":9}},"25":{"start":{"line":74,"column":10},"end":{"line":74,"column":50}},"26":{"start":{"line":78,"column":4},"end":{"line":78,"column":18}}},"branchMap":{"1":{"line":22,"type":"binary-expr","locations":[{"start":{"line":22,"column":16},"end":{"line":22,"column":20}},{"start":{"line":22,"column":24},"end":{"line":22,"column":29}}]},"2":{"line":34,"type":"if","locations":[{"start":{"line":34,"column":8},"end":{"line":34,"column":8}},{"start":{"line":34,"column":8},"end":{"line":34,"column":8}}]},"3":{"line":55,"type":"cond-expr","locations":[{"start":{"line":55,"column":32},"end":{"line":55,"column":34}},{"start":{"line":55,"column":37},"end":{"line":55,"column":52}}]},"4":{"line":56,"type":"cond-expr","locations":[{"start":{"line":56,"column":32},"end":{"line":56,"column":61}},{"start":{"line":56,"column":64},"end":{"line":56,"column":78}}]},"5":{"line":73,"type":"if","locations":[{"start":{"line":73,"column":8},"end":{"line":73,"column":8}},{"start":{"line":73,"column":8},"end":{"line":73,"column":8}}]}}}}