TN:
SF:/Users/simongattner/Documents/projects/js.node.grunt.config.helper/lib/ExtendConfig.spec.js
FN:4,(anonymous_1)
FN:5,(anonymous_2)
FN:34,(anonymous_3)
FN:50,(anonymous_4)
FN:72,(anonymous_5)
FN:99,(anonymous_6)
FN:123,(anonymous_7)
FNF:7
FNH:7
FNDA:1,(anonymous_1)
FNDA:1,(anonymous_2)
FNDA:1,(anonymous_3)
FNDA:1,(anonymous_4)
FNDA:1,(anonymous_5)
FNDA:1,(anonymous_6)
FNDA:1,(anonymous_7)
DA:1,1
DA:2,1
DA:4,1
DA:5,1
DA:6,1
DA:7,1
DA:8,1
DA:9,1
DA:14,1
DA:34,1
DA:35,1
DA:36,1
DA:38,1
DA:39,1
DA:40,1
DA:42,1
DA:43,1
DA:44,1
DA:50,1
DA:51,1
DA:52,1
DA:53,1
DA:54,1
DA:55,1
DA:57,1
DA:58,1
DA:60,1
DA:61,1
DA:62,1
DA:64,1
DA:65,1
DA:66,1
DA:72,1
DA:73,1
DA:74,1
DA:75,1
DA:76,1
DA:80,1
DA:82,1
DA:83,1
DA:84,1
DA:85,1
DA:89,1
DA:91,1
DA:92,1
DA:93,1
DA:99,1
DA:100,1
DA:101,1
DA:102,1
DA:103,1
DA:104,1
DA:108,1
DA:109,1
DA:111,1
DA:112,1
DA:113,1
DA:115,1
DA:116,1
DA:117,1
DA:123,1
DA:124,1
DA:125,1
DA:126,1
DA:127,1
DA:131,1
DA:136,1
DA:137,1
DA:138,1
DA:139,1
DA:143,1
DA:145,1
DA:146,1
DA:147,1
LF:74
LH:74
BRDA:86,1,0,1
BRDA:86,1,1,1
BRDA:140,2,0,1
BRDA:140,2,1,1
BRF:4
BRH:4
end_of_record
TN:
SF:/Users/simongattner/Documents/projects/js.node.grunt.config.helper/lib/index.js
FNF:0
FNH:0
DA:8,1
LF:1
LH:1
BRF:0
BRH:0
end_of_record
TN:
SF:/Users/simongattner/Documents/projects/js.node.grunt.config.helper/lib/ExtendConfig.js
FN:20,(anonymous_1)
FN:29,(anonymous_2)
FN:46,(anonymous_3)
FN:51,(anonymous_4)
FN:69,(anonymous_5)
FN:71,(anonymous_6)
FNF:6
FNH:6
FNDA:6,(anonymous_1)
FNDA:26,(anonymous_2)
FNDA:10,(anonymous_3)
FNDA:12,(anonymous_4)
FNDA:14,(anonymous_5)
FNDA:14,(anonymous_6)
DA:9,1
DA:10,1
DA:12,1
DA:21,6
DA:22,6
DA:30,26
DA:31,26
DA:32,34
DA:33,34
DA:34,34
DA:37,4
DA:47,10
DA:48,10
DA:49,10
DA:50,10
DA:51,10
DA:52,12
DA:53,12
DA:59,10
DA:70,14
DA:71,14
DA:72,14
DA:73,33
DA:74,33
DA:78,14
LF:25
LH:25
BRDA:22,1,0,6
BRDA:22,1,1,4
BRDA:34,2,0,34
BRDA:34,2,1,0
BRDA:55,3,0,6
BRDA:55,3,1,6
BRDA:56,4,0,6
BRDA:56,4,1,6
BRDA:73,5,0,33
BRDA:73,5,1,0
BRF:10
BRH:8
end_of_record
